<?xml version="1.0" encoding="UTF-8"?>
<!-- Generated by org.testng.reporters.JUnitReportReporter -->
<testsuite skipped="0" hostname="DESKTOP-POFC6SR" name="com.vishal.Log4jDemo.Log4jDemo" tests="2" failures="0" timestamp="20 Apr 2019 11:44:45 GMT" time="7.005" errors="0">
  <testcase name="loginWithValidDetails" time="4.620" classname="com.vishal.Log4jDemo.Log4jDemo"/>
  <testcase name="loginWithInvalidDetails" time="2.385" classname="com.vishal.Log4jDemo.Log4jDemo"/>
</testsuite> <!-- com.vishal.Log4jDemo.Log4jDemo -->
